<html>
<head>
<title>TestNG:  C:/Users/CR876AU/Flight_System_Validations/src/main/java/Testcases.java</title>
<link href="../testng.css" rel="stylesheet" type="text/css" />
<link href="../my-testng.css" rel="stylesheet" type="text/css" />

<style type="text/css">
.log { display: none;} 
.stack-trace { display: none;} 
</style>
<script type="text/javascript">
<!--
function flip(e) {
  current = e.style.display;
  if (current == 'block') {
    e.style.display = 'none';
    return 0;
  }
  else {
    e.style.display = 'block';
    return 1;
  }
}

function toggleBox(szDivId, elem, msg1, msg2)
{
  var res = -1;  if (document.getElementById) {
    res = flip(document.getElementById(szDivId));
  }
  else if (document.all) {
    // this is the way old msie versions work
    res = flip(document.all[szDivId]);
  }
  if(elem) {
    if(res == 0) elem.innerHTML = msg1; else elem.innerHTML = msg2;
  }

}

function toggleAllBoxes() {
  if (document.getElementsByTagName) {
    d = document.getElementsByTagName('div');
    for (i = 0; i < d.length; i++) {
      if (d[i].className == 'log') {
        flip(d[i]);
      }
    }
  }
}

// -->
</script>

</head>
<body>
<h2 align='center'>C:/Users/CR876AU/Flight_System_Validations/src/main/java/Testcases.java</h2><table border='1' align="center">
<tr>
<td>Tests passed/Failed/Skipped:</td><td>10/0/1</td>
</tr><tr>
<td>Started on:</td><td>Tue Jan 31 13:43:31 IST 2023</td>
</tr>
<tr><td>Total time:</td><td>102 seconds (102222 ms)</td>
</tr><tr>
<td>Included groups:</td><td></td>
</tr><tr>
<td>Excluded groups:</td><td></td>
</tr>
</table><p/>
<small><i>(Hover the method name to see the test class name)</i></small><p/>
<table width='100%' border='1' class='invocation-passed'>
<tr><td colspan='4' align='center'><b>PASSED TESTS</b></td></tr>
<tr><td><b>Test method</b></td>
<td><b>Attribute(s)</b></td>
<td width="30%"><b>Exception</b></td>
<td width="10%"><b>Time (seconds)</b></td>
<td><b>Instance</b></td>
</tr>
<tr>
<td title='Testcases.addToCart()'><b>addToCart</b><br>Test class: Testcases<br/>
<a href="#Output-1046820071" onClick='toggleBox("Output-1046820071", this, "Show output", "Hide output");'>Show output</a>

<a href="#Output-1046820071" onClick="toggleAllBoxes();">Show all outputs</a>
<div class='log' id="Output-1046820071">
TestCase started.... addToCart<br/>
Clicking on add To cart Button <br/>
Verifying addToCart button displayed on screen<br/>
TestCase Passed..... addToCart<br/>
</div>
</td>
<td></td>
<td>5</td>
<td>Testcases@5f8edcc5</td></tr>
<tr>
<td title='Testcases.checkOut()'><b>checkOut</b><br>Test class: Testcases<br/>
<a href="#Output-269244031" onClick='toggleBox("Output-269244031", this, "Show output", "Hide output");'>Show output</a>

<a href="#Output-269244031" onClick="toggleAllBoxes();">Show all outputs</a>
<div class='log' id="Output-269244031">
TestCase started.... checkOut<br/>
Verifying checkOut button displayed on screen<br/>
Clicking on checkOut Button <br/>
TestCase Passed..... checkOut<br/>
</div>
</td>
<td></td>
<td>2</td>
<td>Testcases@5f8edcc5</td></tr>
<tr>
<td title='Testcases.verifyCartProductSameAsSelected()'><b>verifyCartProductSameAsSelected</b><br>Test class: Testcases<br/>
<a href="#Output-1584688439" onClick='toggleBox("Output-1584688439", this, "Show output", "Hide output");'>Show output</a>

<a href="#Output-1584688439" onClick="toggleAllBoxes();">Show all outputs</a>
<div class='log' id="Output-1584688439">
TestCase started.... verifyCartProductSameAsSelected<br/>
Verifying cart item name same as selected<br/>
TestCase Passed..... verifyCartProductSameAsSelected<br/>
</div>
</td>
<td></td>
<td>3</td>
<td>Testcases@5f8edcc5</td></tr>
<tr>
<td title='Testcases.deleteSingleItem()'><b>deleteSingleItem</b><br>Test class: Testcases<br/>
<a href="#Output-1576499395" onClick='toggleBox("Output-1576499395", this, "Show output", "Hide output");'>Show output</a>

<a href="#Output-1576499395" onClick="toggleAllBoxes();">Show all outputs</a>
<div class='log' id="Output-1576499395">
TestCase started.... deleteSingleItem<br/>
Clicking on delete button for Apple iphone<br/>
Verifying Apple iPhone 13 removed from cart<br/>
TestCase Passed..... deleteSingleItem<br/>
</div>
</td>
<td></td>
<td>13</td>
<td>Testcases@5f8edcc5</td></tr>
<tr>
<td title='Testcases.searchItem()'><b>searchItem</b><br>Test class: Testcases<br/>
<a href="#Output-1102097996" onClick='toggleBox("Output-1102097996", this, "Show output", "Hide output");'>Show output</a>

<a href="#Output-1102097996" onClick="toggleAllBoxes();">Show all outputs</a>
<div class='log' id="Output-1102097996">
TestCase started.... searchItem<br/>
Searching Apple iphone by entering text in Search box <br/>
Clicking on search Icon <br/>
Clicking on search Item <br/>
Verifying search item displayed on screen<br/>
TestCase Passed..... searchItem<br/>
</div>
</td>
<td></td>
<td>3</td>
<td>Testcases@5f8edcc5</td></tr>
<tr>
<td title='Testcases.addMultipleItemsSameProduct()'><b>addMultipleItemsSameProduct</b><br>Test class: Testcases<br/>
<a href="#Output-1641931089" onClick='toggleBox("Output-1641931089", this, "Show output", "Hide output");'>Show output</a>

<a href="#Output-1641931089" onClick="toggleAllBoxes();">Show all outputs</a>
<div class='log' id="Output-1641931089">
TestCase started.... addMultipleItemsSameProduct<br/>
Apple iphone added to the cart<br/>
Apple iphone added to the cart again<br/>
Verifying Apple iphone quantity is greater than 1<br/>
TestCase Passed..... addMultipleItemsSameProduct<br/>
</div>
</td>
<td></td>
<td>13</td>
<td>Testcases@5f8edcc5</td></tr>
<tr>
<td title='Testcases.DeleteMultipleItemsDifferentProduct()'><b>DeleteMultipleItemsDifferentProduct</b><br>Test class: Testcases<br/>
<a href="#Output-140040372" onClick='toggleBox("Output-140040372", this, "Show output", "Hide output");'>Show output</a>

<a href="#Output-140040372" onClick="toggleAllBoxes();">Show all outputs</a>
<div class='log' id="Output-140040372">
TestCase started.... DeleteMultipleItemsDifferentProduct<br/>
Clicking on delete button for Lenovo 600<br/>
Verifying Lenovo 600 removed from the cart<br/>
Clicking on delete button for Apple iphone<br/>
Verifying Apple iPhone 13 removed from cart<br/>
TestCase Passed..... DeleteMultipleItemsDifferentProduct<br/>
</div>
</td>
<td></td>
<td>1</td>
<td>Testcases@5f8edcc5</td></tr>
<tr>
<td title='Testcases.Login()'><b>Login</b><br>Test class: Testcases<br/>
<a href="#Output-161118423" onClick='toggleBox("Output-161118423", this, "Show output", "Hide output");'>Show output</a>

<a href="#Output-161118423" onClick="toggleAllBoxes();">Show all outputs</a>
<div class='log' id="Output-161118423">
TestCase started.... Login<br/>
Clicking on the login element in the main page<br/>
Entering the email/Mobile<br/>
Clicking Continue button<br/>
entering the password<br/>
Clicking login button<br/>
Logged in successfully and Welcome message verified<br/>
TestCase Passed..... Login<br/>
</div>
</td>
<td></td>
<td>22</td>
<td>Testcases@5f8edcc5</td></tr>
<tr>
<td title='Testcases.addMultipleItemsDifferentProduct()'><b>addMultipleItemsDifferentProduct</b><br>Test class: Testcases<br/>
<a href="#Output-1338065644" onClick='toggleBox("Output-1338065644", this, "Show output", "Hide output");'>Show output</a>

<a href="#Output-1338065644" onClick="toggleAllBoxes();">Show all outputs</a>
<div class='log' id="Output-1338065644">
TestCase started.... addMultipleItemsDifferentProduct<br/>
Searching Lenovo 600<br/>
Lenovo 600 added to the cart<br/>
Verifying Apple iphone present in the cart<br/>
Verifying Lenovo 600 present in the cart<br/>
TestCase Passed..... addMultipleItemsDifferentProduct<br/>
</div>
</td>
<td></td>
<td>14</td>
<td>Testcases@5f8edcc5</td></tr>
<tr>
<td title='Testcases.editQuantityOfProduct()'><b>editQuantityOfProduct</b><br>Test class: Testcases<br/>
<a href="#Output-1446238973" onClick='toggleBox("Output-1446238973", this, "Show output", "Hide output");'>Show output</a>

<a href="#Output-1446238973" onClick="toggleAllBoxes();">Show all outputs</a>
<div class='log' id="Output-1446238973">
TestCase started.... editQuantityOfProduct<br/>
Quantity of Apple iphone changed<br/>
Verifying Apple iphone quantity is changed to 4<br/>
TestCase Passed..... editQuantityOfProduct<br/>
</div>
</td>
<td></td>
<td>0</td>
<td>Testcases@5f8edcc5</td></tr>
</table><p>
<table width='100%' border='1' class='invocation-skipped'>
<tr><td colspan='4' align='center'><b>SKIPPED TESTS</b></td></tr>
<tr><td><b>Test method</b></td>
<td><b>Attribute(s)</b></td>
<td width="30%"><b>Exception</b></td>
<td width="10%"><b>Time (seconds)</b></td>
<td><b>Instance</b></td>
</tr>
<tr>
<td title='Testcases.Login()'><b>Login</b><br>Test class: Testcases<br/>
<a href="#Output-1420232606" onClick='toggleBox("Output-1420232606", this, "Show output", "Hide output");'>Show output</a>

<a href="#Output-1420232606" onClick="toggleAllBoxes();">Show all outputs</a>
<div class='log' id="Output-1420232606">
TestCase started.... Login<br/>
Clicking on the login element in the main page<br/>
Entering the email/Mobile<br/>
Clicking Continue button<br/>
TestCase skipped.... Login<br/>
</div>
</td>
<td><div><pre>org.openqa.selenium.TimeoutException: timeout: Timed out receiving message from renderer: 10.000
  (Session info: chrome=109.0.5414.120)
Build info: version: &apos;4.7.2&apos;, revision: &apos;4d4020c3b7&apos;
System info: os.name: &apos;Windows 10&apos;, os.arch: &apos;amd64&apos;, os.version: &apos;10.0&apos;, java.version: &apos;11.0.16.1&apos;
Driver info: org.openqa.selenium.chrome.ChromeDriver
Command: [1fa3b02cd1f91b1d028c0d15e451a118, clickElement {id=a5fc1704-e4a5-4ac7-a34b-3cb8a8f462cb}]
Capabilities {acceptInsecureCerts: false, browserName: chrome, browserVersion: 109.0.5414.120, chrome: {chromedriverVersion: 108.0.5359.71 (1e0e3868ee06..., userDataDir: C:\Users\CR876AU\AppData\Lo...}, goog:chromeOptions: {debuggerAddress: localhost:55278}, networkConnectionEnabled: false, pageLoadStrategy: normal, platformName: WINDOWS, proxy: Proxy(), se:cdp: ws://localhost:55278/devtoo..., se:cdpVersion: 109.0.5414.120, setWindowRect: true, strictFileInteractability: false, timeouts: {implicit: 0, pageLoad: 300000, script: 30000}, unhandledPromptBehavior: dismiss and notify, webauthn:extension:credBlob: true, webauthn:extension:largeBlob: true, webauthn:virtualAuthenticators: true}
Element: [[ChromeDriver: chrome on WINDOWS (1fa3b02cd1f91b1d028c0d15e451a118)] -&gt; xpath: //input[@id=&quot;continue&quot;]]
Session ID: 1fa3b02cd1f91b1d028c0d15e451a118
	at java.base/jdk.internal.reflect.NativeConstructorAccessorImpl.newInstance0(Native Method)
	at java.base/jdk.internal.reflect.NativeConstructorAccessorImpl.newInstance(NativeConstructorAccessorImpl.java:62)
	at java.base/jdk.internal.reflect.DelegatingConstructorAccessorImpl.newInstance(DelegatingConstructorAccessorImpl.java:45)
	at java.base/java.lang.reflect.Constructor.newInstance(Constructor.java:490)
	at org.openqa.selenium.remote.codec.w3c.W3CHttpResponseCodec.createException(W3CHttpResponseCodec.java:200)
	at org.openqa.selenium.remote.codec.w3c.W3CHttpResponseCodec.decode(W3CHttpResponseCodec.java:133)
	at org.openqa.selenium.remote.codec.w3c.W3CHttpResponseCodec.decode(W3CHttpResponseCodec.java:53)
	at org.openqa.selenium.remote.HttpCommandExecutor.execute(HttpCommandExecutor.java:184)
	at org.openqa.selenium.remote.service.DriverCommandExecutor.invokeExecute(DriverCommandExecutor.java:167)
	at org.openqa.selenium.remote.service.DriverCommandExecutor.execute(DriverCommandExecutor.java:142)
	at org.openqa.selenium.remote.RemoteWebDriver.execute(RemoteWebDriver.java:535)
	at org.openqa.selenium.remote.RemoteWebElement.execute(RemoteWebElement.java:257)
	at org.openqa.selenium.remote.RemoteWebElement.click(RemoteWebElement.java:78)
	at Testcases.Login(Testcases.java:59)
	at java.base/jdk.internal.reflect.NativeMethodAccessorImpl.invoke0(Native Method)
	at java.base/jdk.internal.reflect.NativeMethodAccessorImpl.invoke(NativeMethodAccessorImpl.java:62)
	at java.base/jdk.internal.reflect.DelegatingMethodAccessorImpl.invoke(DelegatingMethodAccessorImpl.java:43)
	at java.base/java.lang.reflect.Method.invoke(Method.java:566)
	at org.testng.internal.invokers.MethodInvocationHelper.invokeMethod(MethodInvocationHelper.java:139)
	at org.testng.internal.invokers.TestInvoker.invokeMethod(TestInvoker.java:677)
	at org.testng.internal.invokers.TestInvoker.invokeTestMethod(TestInvoker.java:221)
	at org.testng.internal.invokers.MethodRunner.runInSequence(MethodRunner.java:50)
	at org.testng.internal.invokers.TestInvoker$MethodInvocationAgent.invoke(TestInvoker.java:969)
	at org.testng.internal.invokers.TestInvoker.invokeTestMethods(TestInvoker.java:194)
	at org.testng.internal.invokers.TestMethodWorker.invokeTestMethods(TestMethodWorker.java:148)
	at org.testng.internal.invokers.TestMethodWorker.run(TestMethodWorker.java:128)
	at java.base/java.util.ArrayList.forEach(ArrayList.java:1541)
	at org.testng.TestRunner.privateRun(TestRunner.java:829)
	at org.testng.TestRunner.run(TestRunner.java:602)
	at org.testng.SuiteRunner.runTest(SuiteRunner.java:437)
	at org.testng.SuiteRunner.runSequentially(SuiteRunner.java:431)
	at org.testng.SuiteRunner.privateRun(SuiteRunner.java:391)
	at org.testng.SuiteRunner.run(SuiteRunner.java:330)
	at org.testng.SuiteRunnerWorker.runSuite(SuiteRunnerWorker.java:52)
	at org.testng.SuiteRunnerWorker.run(SuiteRunnerWorker.java:95)
	at org.testng.TestNG.runSuitesSequentially(TestNG.java:1256)
	at org.testng.TestNG.runSuitesLocally(TestNG.java:1176)
	at org.testng.TestNG.runSuites(TestNG.java:1099)
	at org.testng.TestNG.run(TestNG.java:1067)
	at com.intellij.rt.testng.IDEARemoteTestNG.run(IDEARemoteTestNG.java:66)
	at com.intellij.rt.testng.RemoteTestNGStarter.main(RemoteTestNGStarter.java:109)
</pre></div><a href='#' onClick='toggleBox("stack-trace1420232606", this, "Click to show all stack frames", "Click to hide stack frames")'>Click to show all stack frames</a>
<div class='stack-trace' id='stack-trace1420232606'><pre>org.openqa.selenium.TimeoutException: timeout: Timed out receiving message from renderer: 10.000
  (Session info: chrome=109.0.5414.120)
Build info: version: &apos;4.7.2&apos;, revision: &apos;4d4020c3b7&apos;
System info: os.name: &apos;Windows 10&apos;, os.arch: &apos;amd64&apos;, os.version: &apos;10.0&apos;, java.version: &apos;11.0.16.1&apos;
Driver info: org.openqa.selenium.chrome.ChromeDriver
Command: [1fa3b02cd1f91b1d028c0d15e451a118, clickElement {id=a5fc1704-e4a5-4ac7-a34b-3cb8a8f462cb}]
Capabilities {acceptInsecureCerts: false, browserName: chrome, browserVersion: 109.0.5414.120, chrome: {chromedriverVersion: 108.0.5359.71 (1e0e3868ee06..., userDataDir: C:\Users\CR876AU\AppData\Lo...}, goog:chromeOptions: {debuggerAddress: localhost:55278}, networkConnectionEnabled: false, pageLoadStrategy: normal, platformName: WINDOWS, proxy: Proxy(), se:cdp: ws://localhost:55278/devtoo..., se:cdpVersion: 109.0.5414.120, setWindowRect: true, strictFileInteractability: false, timeouts: {implicit: 0, pageLoad: 300000, script: 30000}, unhandledPromptBehavior: dismiss and notify, webauthn:extension:credBlob: true, webauthn:extension:largeBlob: true, webauthn:virtualAuthenticators: true}
Element: [[ChromeDriver: chrome on WINDOWS (1fa3b02cd1f91b1d028c0d15e451a118)] -&gt; xpath: //input[@id=&quot;continue&quot;]]
Session ID: 1fa3b02cd1f91b1d028c0d15e451a118
	at java.base/jdk.internal.reflect.NativeConstructorAccessorImpl.newInstance0(Native Method)
	at java.base/jdk.internal.reflect.NativeConstructorAccessorImpl.newInstance(NativeConstructorAccessorImpl.java:62)
	at java.base/jdk.internal.reflect.DelegatingConstructorAccessorImpl.newInstance(DelegatingConstructorAccessorImpl.java:45)
	at java.base/java.lang.reflect.Constructor.newInstance(Constructor.java:490)
	at org.openqa.selenium.remote.codec.w3c.W3CHttpResponseCodec.createException(W3CHttpResponseCodec.java:200)
	at org.openqa.selenium.remote.codec.w3c.W3CHttpResponseCodec.decode(W3CHttpResponseCodec.java:133)
	at org.openqa.selenium.remote.codec.w3c.W3CHttpResponseCodec.decode(W3CHttpResponseCodec.java:53)
	at org.openqa.selenium.remote.HttpCommandExecutor.execute(HttpCommandExecutor.java:184)
	at org.openqa.selenium.remote.service.DriverCommandExecutor.invokeExecute(DriverCommandExecutor.java:167)
	at org.openqa.selenium.remote.service.DriverCommandExecutor.execute(DriverCommandExecutor.java:142)
	at org.openqa.selenium.remote.RemoteWebDriver.execute(RemoteWebDriver.java:535)
	at org.openqa.selenium.remote.RemoteWebElement.execute(RemoteWebElement.java:257)
	at org.openqa.selenium.remote.RemoteWebElement.click(RemoteWebElement.java:78)
	at Testcases.Login(Testcases.java:59)
	at java.base/jdk.internal.reflect.NativeMethodAccessorImpl.invoke0(Native Method)
	at java.base/jdk.internal.reflect.NativeMethodAccessorImpl.invoke(NativeMethodAccessorImpl.java:62)
	at java.base/jdk.internal.reflect.DelegatingMethodAccessorImpl.invoke(DelegatingMethodAccessorImpl.java:43)
	at java.base/java.lang.reflect.Method.invoke(Method.java:566)
	at org.testng.internal.invokers.MethodInvocationHelper.invokeMethod(MethodInvocationHelper.java:139)
	at org.testng.internal.invokers.TestInvoker.invokeMethod(TestInvoker.java:677)
	at org.testng.internal.invokers.TestInvoker.invokeTestMethod(TestInvoker.java:221)
	at org.testng.internal.invokers.MethodRunner.runInSequence(MethodRunner.java:50)
	at org.testng.internal.invokers.TestInvoker$MethodInvocationAgent.invoke(TestInvoker.java:969)
	at org.testng.internal.invokers.TestInvoker.invokeTestMethods(TestInvoker.java:194)
	at org.testng.internal.invokers.TestMethodWorker.invokeTestMethods(TestMethodWorker.java:148)
	at org.testng.internal.invokers.TestMethodWorker.run(TestMethodWorker.java:128)
	at java.base/java.util.ArrayList.forEach(ArrayList.java:1541)
	at org.testng.TestRunner.privateRun(TestRunner.java:829)
	at org.testng.TestRunner.run(TestRunner.java:602)
	at org.testng.SuiteRunner.runTest(SuiteRunner.java:437)
	at org.testng.SuiteRunner.runSequentially(SuiteRunner.java:431)
	at org.testng.SuiteRunner.privateRun(SuiteRunner.java:391)
	at org.testng.SuiteRunner.run(SuiteRunner.java:330)
	at org.testng.SuiteRunnerWorker.runSuite(SuiteRunnerWorker.java:52)
	at org.testng.SuiteRunnerWorker.run(SuiteRunnerWorker.java:95)
	at org.testng.TestNG.runSuitesSequentially(TestNG.java:1256)
	at org.testng.TestNG.runSuitesLocally(TestNG.java:1176)
	at org.testng.TestNG.runSuites(TestNG.java:1099)
	at org.testng.TestNG.run(TestNG.java:1067)
	at com.intellij.rt.testng.IDEARemoteTestNG.run(IDEARemoteTestNG.java:66)
	at com.intellij.rt.testng.RemoteTestNGStarter.main(RemoteTestNGStarter.java:109)
</pre></div></td>
<td>21</td>
<td>Testcases@5f8edcc5</td></tr>
</table><p>
</body>
</html>